
> frontend@0.1.0 start
> react-scripts start

Attempting to bind to HOST environment variable: 0.0.0.0
If this was unintentional, check that you haven't mistakenly set it in your shell.
Learn more here: https://cra.link/advanced-config

(node:37454) [DEP_WEBPACK_DEV_SERVER_ON_AFTER_SETUP_MIDDLEWARE] DeprecationWarning: 'onAfterSetupMiddleware' option is deprecated. Please use the 'setupMiddlewares' option.
(Use `node --trace-deprecation ...` to show where the warning was created)
(node:37454) [DEP_WEBPACK_DEV_SERVER_ON_BEFORE_SETUP_MIDDLEWARE] DeprecationWarning: 'onBeforeSetupMiddleware' option is deprecated. Please use the 'setupMiddlewares' option.
Starting the development server...

Failed to compile.

[eslint] 
src/components/HomePage.js
  Line 420:5:  'setBudgetTier' is not defined     no-undef
  Line 487:9:  'setSelectedPhoto' is not defined  no-undef

Search for the keywords to learn more about each error.
WARNING in [eslint] 
src/components/HomePage.js
  Line 13:26:  'setSelectedGender' is assigned a value but never used       no-unused-vars
  Line 104:9:  'handleStyleClick' is assigned a value but never used        no-unused-vars
  Line 402:9:  'handleImageError' is assigned a value but never used        no-unused-vars
  Line 419:9:  'handleBudgetTierSelect' is assigned a value but never used  no-unused-vars
  Line 442:9:  'getItemsByCategory' is assigned a value but never used      no-unused-vars
  Line 457:9:  'renderOutfitItem' is assigned a value but never used        no-unused-vars

src/components/Navbar.js
  Line 7:10:  'showAuthModal' is assigned a value but never used  no-unused-vars

src/components/OutfitDisplay.js
  Line 12:9:  'price' is assigned a value but never used  no-unused-vars

src/components/ProductsPage.js
  Line 43:20:  'fetchProducts' was used before it was defined  no-use-before-define

src/components/VirtualTryOn.js
  Line 1:35:  'useEffect' is defined but never used  no-unused-vars

src/services/api.js
  Line 26:7:  'RAPID_API_KEY' is assigned a value but never used  no-unused-vars

src/services/stylist.js
  Line 439:1:  Assign object to a variable before exporting as module default  import/no-anonymous-default-export

ERROR in [eslint] 
src/components/HomePage.js
  Line 420:5:  'setBudgetTier' is not defined     no-undef
  Line 487:9:  'setSelectedPhoto' is not defined  no-undef

Search for the keywords to learn more about each error.

webpack compiled with 1 error and 1 warning
Compiling...
Failed to compile.

[eslint] 
src/components/HomePage.js
  Line 420:5:  'setBudgetTier' is not defined     no-undef
  Line 487:9:  'setSelectedPhoto' is not defined  no-undef

Search for the keywords to learn more about each error.
WARNING in [eslint] 
src/components/HomePage.js
  Line 13:26:  'setSelectedGender' is assigned a value but never used       no-unused-vars
  Line 104:9:  'handleStyleClick' is assigned a value but never used        no-unused-vars
  Line 402:9:  'handleImageError' is assigned a value but never used        no-unused-vars
  Line 419:9:  'handleBudgetTierSelect' is assigned a value but never used  no-unused-vars
  Line 442:9:  'getItemsByCategory' is assigned a value but never used      no-unused-vars
  Line 457:9:  'renderOutfitItem' is assigned a value but never used        no-unused-vars

src/components/Navbar.js
  Line 7:10:  'showAuthModal' is assigned a value but never used  no-unused-vars

src/components/OutfitDisplay.js
  Line 12:9:  'price' is assigned a value but never used  no-unused-vars

src/components/ProductsPage.js
  Line 43:20:  'fetchProducts' was used before it was defined  no-use-before-define

src/components/VirtualTryOn.js
  Line 1:35:  'useEffect' is defined but never used  no-unused-vars

src/services/api.js
  Line 26:7:  'RAPID_API_KEY' is assigned a value but never used  no-unused-vars

src/services/stylist.js
  Line 439:1:  Assign object to a variable before exporting as module default  import/no-anonymous-default-export

ERROR in [eslint] 
src/components/HomePage.js
  Line 420:5:  'setBudgetTier' is not defined     no-undef
  Line 487:9:  'setSelectedPhoto' is not defined  no-undef

Search for the keywords to learn more about each error.

webpack compiled with 1 error and 1 warning
Compiling...
Compiled with warnings.

[eslint] 
src/components/HomePage.js
  Line 13:26:  'setSelectedGender' is assigned a value but never used       no-unused-vars
  Line 29:10:  'selectedPhoto' is assigned a value but never used           no-unused-vars
  Line 31:10:  'budgetTier' is assigned a value but never used              no-unused-vars
  Line 108:9:  'handleStyleClick' is assigned a value but never used        no-unused-vars
  Line 406:9:  'handleImageError' is assigned a value but never used        no-unused-vars
  Line 423:9:  'handleBudgetTierSelect' is assigned a value but never used  no-unused-vars
  Line 446:9:  'getItemsByCategory' is assigned a value but never used      no-unused-vars
  Line 461:9:  'renderOutfitItem' is assigned a value but never used        no-unused-vars

src/components/Navbar.js
  Line 7:10:  'showAuthModal' is assigned a value but never used  no-unused-vars

src/components/OutfitDisplay.js
  Line 12:9:  'price' is assigned a value but never used  no-unused-vars

src/components/ProductsPage.js
  Line 43:20:  'fetchProducts' was used before it was defined  no-use-before-define

src/components/VirtualTryOn.js
  Line 1:35:  'useEffect' is defined but never used  no-unused-vars

src/services/api.js
  Line 26:7:  'RAPID_API_KEY' is assigned a value but never used  no-unused-vars

src/services/stylist.js
  Line 439:1:  Assign object to a variable before exporting as module default  import/no-anonymous-default-export

Search for the keywords to learn more about each warning.
To ignore, add // eslint-disable-next-line to the line before.

WARNING in [eslint] 
src/components/HomePage.js
  Line 13:26:  'setSelectedGender' is assigned a value but never used       no-unused-vars
  Line 29:10:  'selectedPhoto' is assigned a value but never used           no-unused-vars
  Line 31:10:  'budgetTier' is assigned a value but never used              no-unused-vars
  Line 108:9:  'handleStyleClick' is assigned a value but never used        no-unused-vars
  Line 406:9:  'handleImageError' is assigned a value but never used        no-unused-vars
  Line 423:9:  'handleBudgetTierSelect' is assigned a value but never used  no-unused-vars
  Line 446:9:  'getItemsByCategory' is assigned a value but never used      no-unused-vars
  Line 461:9:  'renderOutfitItem' is assigned a value but never used        no-unused-vars

src/components/Navbar.js
  Line 7:10:  'showAuthModal' is assigned a value but never used  no-unused-vars

src/components/OutfitDisplay.js
  Line 12:9:  'price' is assigned a value but never used  no-unused-vars

src/components/ProductsPage.js
  Line 43:20:  'fetchProducts' was used before it was defined  no-use-before-define

src/components/VirtualTryOn.js
  Line 1:35:  'useEffect' is defined but never used  no-unused-vars

src/services/api.js
  Line 26:7:  'RAPID_API_KEY' is assigned a value but never used  no-unused-vars

src/services/stylist.js
  Line 439:1:  Assign object to a variable before exporting as module default  import/no-anonymous-default-export

webpack compiled with 1 warning
Compiling...
Compiled with warnings.

[eslint] 
src/components/HomePage.js
  Line 13:26:  'setSelectedGender' is assigned a value but never used       no-unused-vars
  Line 29:10:  'selectedPhoto' is assigned a value but never used           no-unused-vars
  Line 31:10:  'budgetTier' is assigned a value but never used              no-unused-vars
  Line 407:9:  'handleImageError' is assigned a value but never used        no-unused-vars
  Line 424:9:  'handleBudgetTierSelect' is assigned a value but never used  no-unused-vars
  Line 447:9:  'getItemsByCategory' is assigned a value but never used      no-unused-vars
  Line 462:9:  'renderOutfitItem' is assigned a value but never used        no-unused-vars

src/components/Navbar.js
  Line 7:10:  'showAuthModal' is assigned a value but never used  no-unused-vars

src/components/OutfitDisplay.js
  Line 12:9:  'price' is assigned a value but never used  no-unused-vars

src/components/ProductsPage.js
  Line 43:20:  'fetchProducts' was used before it was defined  no-use-before-define

src/components/VirtualTryOn.js
  Line 1:35:  'useEffect' is defined but never used  no-unused-vars

src/services/api.js
  Line 26:7:  'RAPID_API_KEY' is assigned a value but never used  no-unused-vars

src/services/stylist.js
  Line 439:1:  Assign object to a variable before exporting as module default  import/no-anonymous-default-export

Search for the keywords to learn more about each warning.
To ignore, add // eslint-disable-next-line to the line before.

WARNING in [eslint] 
src/components/HomePage.js
  Line 13:26:  'setSelectedGender' is assigned a value but never used       no-unused-vars
  Line 29:10:  'selectedPhoto' is assigned a value but never used           no-unused-vars
  Line 31:10:  'budgetTier' is assigned a value but never used              no-unused-vars
  Line 407:9:  'handleImageError' is assigned a value but never used        no-unused-vars
  Line 424:9:  'handleBudgetTierSelect' is assigned a value but never used  no-unused-vars
  Line 447:9:  'getItemsByCategory' is assigned a value but never used      no-unused-vars
  Line 462:9:  'renderOutfitItem' is assigned a value but never used        no-unused-vars

src/components/Navbar.js
  Line 7:10:  'showAuthModal' is assigned a value but never used  no-unused-vars

src/components/OutfitDisplay.js
  Line 12:9:  'price' is assigned a value but never used  no-unused-vars

src/components/ProductsPage.js
  Line 43:20:  'fetchProducts' was used before it was defined  no-use-before-define

src/components/VirtualTryOn.js
  Line 1:35:  'useEffect' is defined but never used  no-unused-vars

src/services/api.js
  Line 26:7:  'RAPID_API_KEY' is assigned a value but never used  no-unused-vars

src/services/stylist.js
  Line 439:1:  Assign object to a variable before exporting as module default  import/no-anonymous-default-export

webpack compiled with 1 warning
Compiling...
Failed to compile.

[eslint] 
src/components/HomePage.js
  Line 409:20:  'get_default_image_for_category' is not defined  no-undef
  Line 413:5:   'setLoadingImages' is not defined                no-undef
  Line 455:36:  'get_default_image_for_category' is not defined  no-undef
  Line 606:14:  'categories' is not defined                      no-undef

Search for the keywords to learn more about each error.
WARNING in [eslint] 
src/components/HomePage.js
  Line 3:10:   'getAffiliateUrl' is defined but never used             no-unused-vars
  Line 13:26:  'setSelectedGender' is assigned a value but never used  no-unused-vars
  Line 29:10:  'selectedPhoto' is assigned a value but never used      no-unused-vars
  Line 31:10:  'budgetTier' is assigned a value but never used         no-unused-vars

src/components/Navbar.js
  Line 7:10:  'showAuthModal' is assigned a value but never used  no-unused-vars

src/components/OutfitDisplay.js
  Line 12:9:  'price' is assigned a value but never used  no-unused-vars

src/components/ProductsPage.js
  Line 43:20:  'fetchProducts' was used before it was defined  no-use-before-define

src/components/VirtualTryOn.js
  Line 1:35:  'useEffect' is defined but never used  no-unused-vars

src/services/api.js
  Line 26:7:  'RAPID_API_KEY' is assigned a value but never used  no-unused-vars

src/services/stylist.js
  Line 439:1:  Assign object to a variable before exporting as module default  import/no-anonymous-default-export

ERROR in [eslint] 
src/components/HomePage.js
  Line 409:20:  'get_default_image_for_category' is not defined  no-undef
  Line 413:5:   'setLoadingImages' is not defined                no-undef
  Line 455:36:  'get_default_image_for_category' is not defined  no-undef
  Line 606:14:  'categories' is not defined                      no-undef

Search for the keywords to learn more about each error.

webpack compiled with 1 error and 1 warning
Compiling...
Failed to compile.

[eslint] 
src/components/HomePage.js
  Line 427:5:   'setLoadingImages' is not defined  no-undef
  Line 620:14:  'categories' is not defined        no-undef

Search for the keywords to learn more about each error.
WARNING in [eslint] 
src/components/HomePage.js
  Line 3:10:   'getAffiliateUrl' is defined but never used             no-unused-vars
  Line 13:26:  'setSelectedGender' is assigned a value but never used  no-unused-vars
  Line 29:10:  'selectedPhoto' is assigned a value but never used      no-unused-vars
  Line 31:10:  'budgetTier' is assigned a value but never used         no-unused-vars

src/components/Navbar.js
  Line 7:10:  'showAuthModal' is assigned a value but never used  no-unused-vars

src/components/OutfitDisplay.js
  Line 12:9:  'price' is assigned a value but never used  no-unused-vars

src/components/ProductsPage.js
  Line 43:20:  'fetchProducts' was used before it was defined  no-use-before-define

src/components/VirtualTryOn.js
  Line 1:35:  'useEffect' is defined but never used  no-unused-vars

src/services/api.js
  Line 26:7:  'RAPID_API_KEY' is assigned a value but never used  no-unused-vars

src/services/stylist.js
  Line 439:1:  Assign object to a variable before exporting as module default  import/no-anonymous-default-export

ERROR in [eslint] 
src/components/HomePage.js
  Line 427:5:   'setLoadingImages' is not defined  no-undef
  Line 620:14:  'categories' is not defined        no-undef

Search for the keywords to learn more about each error.

webpack compiled with 1 error and 1 warning
Compiling...
Failed to compile.

Module not found: Error: Can't resolve './Navbar.css' in '/Users/fatihbayraktar/fashion AI/frontend/src/components'
WARNING in [eslint] 
src/components/HomePage.js
  Line 3:10:   'getAffiliateUrl' is defined but never used             no-unused-vars
  Line 13:26:  'setSelectedGender' is assigned a value but never used  no-unused-vars
  Line 29:10:  'selectedPhoto' is assigned a value but never used      no-unused-vars
  Line 31:10:  'budgetTier' is assigned a value but never used         no-unused-vars

src/components/OutfitDisplay.js
  Line 12:9:  'price' is assigned a value but never used  no-unused-vars

src/components/ProductsPage.js
  Line 43:20:  'fetchProducts' was used before it was defined  no-use-before-define

src/components/VirtualTryOn.js
  Line 1:35:  'useEffect' is defined but never used  no-unused-vars

src/services/api.js
  Line 26:7:  'RAPID_API_KEY' is assigned a value but never used  no-unused-vars

src/services/stylist.js
  Line 439:1:  Assign object to a variable before exporting as module default  import/no-anonymous-default-export

ERROR in ./src/components/Navbar.js 8:0-22
Module not found: Error: Can't resolve './Navbar.css' in '/Users/fatihbayraktar/fashion AI/frontend/src/components'

ERROR in [eslint] 
src/components/HomePage.js
  Line 427:5:   'setLoadingImages' is not defined  no-undef
  Line 620:14:  'categories' is not defined        no-undef

Search for the keywords to learn more about each error.

webpack compiled with 2 errors and 1 warning
Compiling...
Failed to compile.

Module not found: Error: Can't resolve './Navbar.css' in '/Users/fatihbayraktar/fashion AI/frontend/src/components'
WARNING in [eslint] 
src/components/HomePage.js
  Line 3:10:   'getAffiliateUrl' is defined but never used             no-unused-vars
  Line 13:26:  'setSelectedGender' is assigned a value but never used  no-unused-vars
  Line 29:10:  'selectedPhoto' is assigned a value but never used      no-unused-vars
  Line 31:10:  'budgetTier' is assigned a value but never used         no-unused-vars

src/components/OutfitDisplay.js
  Line 12:9:  'price' is assigned a value but never used  no-unused-vars

src/components/ProductsPage.js
  Line 43:20:  'fetchProducts' was used before it was defined  no-use-before-define

src/components/VirtualTryOn.js
  Line 1:35:  'useEffect' is defined but never used  no-unused-vars

src/services/api.js
  Line 26:7:  'RAPID_API_KEY' is assigned a value but never used  no-unused-vars

src/services/stylist.js
  Line 439:1:  Assign object to a variable before exporting as module default  import/no-anonymous-default-export

ERROR in ./src/components/Navbar.js 8:0-22
Module not found: Error: Can't resolve './Navbar.css' in '/Users/fatihbayraktar/fashion AI/frontend/src/components'

ERROR in [eslint] 
src/components/HomePage.js
  Line 427:5:   'setLoadingImages' is not defined  no-undef
  Line 620:14:  'categories' is not defined        no-undef

Search for the keywords to learn more about each error.

webpack compiled with 2 errors and 1 warning
Compiling...
Failed to compile.

Module not found: Error: Can't resolve './Navbar.css' in '/Users/fatihbayraktar/fashion AI/frontend/src/components'
WARNING in [eslint] 
src/components/HomePage.js
  Line 3:10:   'getAffiliateUrl' is defined but never used             no-unused-vars
  Line 13:26:  'setSelectedGender' is assigned a value but never used  no-unused-vars
  Line 29:10:  'selectedPhoto' is assigned a value but never used      no-unused-vars
  Line 31:10:  'budgetTier' is assigned a value but never used         no-unused-vars

src/components/ProductsPage.js
  Line 43:20:  'fetchProducts' was used before it was defined  no-use-before-define

src/components/VirtualTryOn.js
  Line 1:35:  'useEffect' is defined but never used  no-unused-vars

src/services/api.js
  Line 26:7:  'RAPID_API_KEY' is assigned a value but never used  no-unused-vars

src/services/stylist.js
  Line 439:1:  Assign object to a variable before exporting as module default  import/no-anonymous-default-export

ERROR in ./src/components/Navbar.js 8:0-22
Module not found: Error: Can't resolve './Navbar.css' in '/Users/fatihbayraktar/fashion AI/frontend/src/components'

ERROR in [eslint] 
src/components/HomePage.js
  Line 427:5:   'setLoadingImages' is not defined  no-undef
  Line 620:14:  'categories' is not defined        no-undef

Search for the keywords to learn more about each error.

webpack compiled with 2 errors and 1 warning
Compiling...
Failed to compile.

Module not found: Error: Can't resolve './Navbar.css' in '/Users/fatihbayraktar/fashion AI/frontend/src/components'
WARNING in [eslint] 
src/components/HomePage.js
  Line 3:10:   'getAffiliateUrl' is defined but never used             no-unused-vars
  Line 13:26:  'setSelectedGender' is assigned a value but never used  no-unused-vars
  Line 29:10:  'selectedPhoto' is assigned a value but never used      no-unused-vars
  Line 31:10:  'budgetTier' is assigned a value but never used         no-unused-vars

src/components/ProductsPage.js
  Line 43:20:  'fetchProducts' was used before it was defined  no-use-before-define

src/components/VirtualTryOn.js
  Line 1:35:  'useEffect' is defined but never used  no-unused-vars

src/services/api.js
  Line 26:7:  'RAPID_API_KEY' is assigned a value but never used  no-unused-vars

src/services/stylist.js
  Line 439:1:  Assign object to a variable before exporting as module default  import/no-anonymous-default-export

ERROR in ./src/components/Navbar.js 8:0-22
Module not found: Error: Can't resolve './Navbar.css' in '/Users/fatihbayraktar/fashion AI/frontend/src/components'

ERROR in [eslint] 
src/components/HomePage.js
  Line 427:5:   'setLoadingImages' is not defined  no-undef
  Line 620:14:  'categories' is not defined        no-undef

Search for the keywords to learn more about each error.

webpack compiled with 2 errors and 1 warning
Compiling...
Failed to compile.

Module not found: Error: Can't resolve './Navbar.css' in '/Users/fatihbayraktar/fashion AI/frontend/src/components'
WARNING in [eslint] 
src/components/HomePage.js
  Line 3:10:   'getAffiliateUrl' is defined but never used             no-unused-vars
  Line 13:26:  'setSelectedGender' is assigned a value but never used  no-unused-vars
  Line 29:10:  'selectedPhoto' is assigned a value but never used      no-unused-vars
  Line 31:10:  'budgetTier' is assigned a value but never used         no-unused-vars

src/components/ProductsPage.js
  Line 43:20:  'fetchProducts' was used before it was defined  no-use-before-define

src/services/api.js
  Line 26:7:  'RAPID_API_KEY' is assigned a value but never used  no-unused-vars

src/services/stylist.js
  Line 439:1:  Assign object to a variable before exporting as module default  import/no-anonymous-default-export

ERROR in ./src/components/Navbar.js 8:0-22
Module not found: Error: Can't resolve './Navbar.css' in '/Users/fatihbayraktar/fashion AI/frontend/src/components'

ERROR in [eslint] 
src/components/HomePage.js
  Line 427:5:   'setLoadingImages' is not defined  no-undef
  Line 620:14:  'categories' is not defined        no-undef

Search for the keywords to learn more about each error.

webpack compiled with 2 errors and 1 warning
Compiling...
Failed to compile.

Module not found: Error: Can't resolve './Navbar.css' in '/Users/fatihbayraktar/fashion AI/frontend/src/components'
WARNING in [eslint] 
src/components/HomePage.js
  Line 3:10:   'getAffiliateUrl' is defined but never used             no-unused-vars
  Line 13:26:  'setSelectedGender' is assigned a value but never used  no-unused-vars
  Line 29:10:  'selectedPhoto' is assigned a value but never used      no-unused-vars
  Line 31:10:  'budgetTier' is assigned a value but never used         no-unused-vars

src/components/ProductsPage.js
  Line 43:20:  'fetchProducts' was used before it was defined  no-use-before-define

src/services/api.js
  Line 26:7:  'RAPID_API_KEY' is assigned a value but never used  no-unused-vars

src/services/stylist.js
  Line 439:1:  Assign object to a variable before exporting as module default  import/no-anonymous-default-export

ERROR in ./src/components/Navbar.js 8:0-22
Module not found: Error: Can't resolve './Navbar.css' in '/Users/fatihbayraktar/fashion AI/frontend/src/components'

ERROR in [eslint] 
src/components/HomePage.js
  Line 427:5:   'setLoadingImages' is not defined  no-undef
  Line 620:14:  'categories' is not defined        no-undef

Search for the keywords to learn more about each error.

webpack compiled with 2 errors and 1 warning
Compiling...
Failed to compile.

Module not found: Error: Can't resolve './Navbar.css' in '/Users/fatihbayraktar/fashion AI/frontend/src/components'
WARNING in [eslint] 
src/components/HomePage.js
  Line 3:10:   'getAffiliateUrl' is defined but never used             no-unused-vars
  Line 13:26:  'setSelectedGender' is assigned a value but never used  no-unused-vars
  Line 29:10:  'selectedPhoto' is assigned a value but never used      no-unused-vars
  Line 31:10:  'budgetTier' is assigned a value but never used         no-unused-vars

src/components/ProductsPage.js
  Line 1:38:   'useCallback' is defined but never used                no-unused-vars
  Line 2:10:   'searchProducts' is defined but never used             no-unused-vars
  Line 5:8:    'Filters' is defined but never used                    no-unused-vars
  Line 6:8:    'ProductCard' is defined but never used                no-unused-vars
  Line 13:23:  'setCurrentPage' is assigned a value but never used    no-unused-vars
  Line 14:25:  'setTotalProducts' is assigned a value but never used  no-unused-vars

src/services/api.js
  Line 26:7:  'RAPID_API_KEY' is assigned a value but never used  no-unused-vars

src/services/stylist.js
  Line 439:1:  Assign object to a variable before exporting as module default  import/no-anonymous-default-export

ERROR in ./src/components/Navbar.js 8:0-22
Module not found: Error: Can't resolve './Navbar.css' in '/Users/fatihbayraktar/fashion AI/frontend/src/components'

ERROR in ./src/components/ProductsPage.js 9:0-32
Module not found: Error: Can't resolve './Filters' in '/Users/fatihbayraktar/fashion AI/frontend/src/components'

ERROR in ./src/components/ProductsPage.js 10:0-40
Module not found: Error: Can't resolve './ProductCard' in '/Users/fatihbayraktar/fashion AI/frontend/src/components'

ERROR in ./src/components/ProductsPage.js 11:0-28
Module not found: Error: Can't resolve './ProductsPage.css' in '/Users/fatihbayraktar/fashion AI/frontend/src/components'

ERROR in [eslint] 
src/components/HomePage.js
  Line 427:5:   'setLoadingImages' is not defined  no-undef
  Line 620:14:  'categories' is not defined        no-undef

Search for the keywords to learn more about each error.

webpack compiled with 5 errors and 1 warning
Compiling...
Failed to compile.

Module not found: Error: Can't resolve './Navbar.css' in '/Users/fatihbayraktar/fashion AI/frontend/src/components'
WARNING in [eslint] 
src/components/HomePage.js
  Line 3:10:   'getAffiliateUrl' is defined but never used             no-unused-vars
  Line 13:26:  'setSelectedGender' is assigned a value but never used  no-unused-vars
  Line 29:10:  'selectedPhoto' is assigned a value but never used      no-unused-vars
  Line 31:10:  'budgetTier' is assigned a value but never used         no-unused-vars

src/components/ProductsPage.js
  Line 1:38:   'useCallback' is defined but never used                no-unused-vars
  Line 2:10:   'searchProducts' is defined but never used             no-unused-vars
  Line 5:8:    'Filters' is defined but never used                    no-unused-vars
  Line 6:8:    'ProductCard' is defined but never used                no-unused-vars
  Line 13:23:  'setCurrentPage' is assigned a value but never used    no-unused-vars
  Line 14:25:  'setTotalProducts' is assigned a value but never used  no-unused-vars

src/services/api.js
  Line 26:7:  'RAPID_API_KEY' is assigned a value but never used  no-unused-vars

src/services/stylist.js
  Line 439:1:  Assign object to a variable before exporting as module default  import/no-anonymous-default-export

ERROR in ./src/components/Navbar.js 8:0-22
Module not found: Error: Can't resolve './Navbar.css' in '/Users/fatihbayraktar/fashion AI/frontend/src/components'

ERROR in ./src/components/ProductsPage.js 9:0-32
Module not found: Error: Can't resolve './Filters' in '/Users/fatihbayraktar/fashion AI/frontend/src/components'

ERROR in ./src/components/ProductsPage.js 10:0-40
Module not found: Error: Can't resolve './ProductCard' in '/Users/fatihbayraktar/fashion AI/frontend/src/components'

ERROR in ./src/components/ProductsPage.js 11:0-28
Module not found: Error: Can't resolve './ProductsPage.css' in '/Users/fatihbayraktar/fashion AI/frontend/src/components'

ERROR in [eslint] 
src/components/HomePage.js
  Line 427:5:   'setLoadingImages' is not defined  no-undef
  Line 620:14:  'categories' is not defined        no-undef

Search for the keywords to learn more about each error.

webpack compiled with 5 errors and 1 warning
Compiling...
Failed to compile.

Module not found: Error: Can't resolve './Navbar.css' in '/Users/fatihbayraktar/fashion AI/frontend/src/components'
WARNING in [eslint] 
src/components/HomePage.js
  Line 3:10:   'getAffiliateUrl' is defined but never used             no-unused-vars
  Line 13:26:  'setSelectedGender' is assigned a value but never used  no-unused-vars
  Line 29:10:  'selectedPhoto' is assigned a value but never used      no-unused-vars
  Line 31:10:  'budgetTier' is assigned a value but never used         no-unused-vars

src/components/ProductsPage.js
  Line 1:38:   'useCallback' is defined but never used                no-unused-vars
  Line 2:10:   'searchProducts' is defined but never used             no-unused-vars
  Line 5:8:    'Filters' is defined but never used                    no-unused-vars
  Line 6:8:    'ProductCard' is defined but never used                no-unused-vars
  Line 13:23:  'setCurrentPage' is assigned a value but never used    no-unused-vars
  Line 14:25:  'setTotalProducts' is assigned a value but never used  no-unused-vars

src/services/stylist.js
  Line 439:1:  Assign object to a variable before exporting as module default  import/no-anonymous-default-export

ERROR in ./src/components/Navbar.js 8:0-22
Module not found: Error: Can't resolve './Navbar.css' in '/Users/fatihbayraktar/fashion AI/frontend/src/components'

ERROR in ./src/components/ProductsPage.js 9:0-32
Module not found: Error: Can't resolve './Filters' in '/Users/fatihbayraktar/fashion AI/frontend/src/components'

ERROR in ./src/components/ProductsPage.js 10:0-40
Module not found: Error: Can't resolve './ProductCard' in '/Users/fatihbayraktar/fashion AI/frontend/src/components'

ERROR in ./src/components/ProductsPage.js 11:0-28
Module not found: Error: Can't resolve './ProductsPage.css' in '/Users/fatihbayraktar/fashion AI/frontend/src/components'

ERROR in [eslint] 
src/components/HomePage.js
  Line 427:5:   'setLoadingImages' is not defined  no-undef
  Line 620:14:  'categories' is not defined        no-undef

Search for the keywords to learn more about each error.

webpack compiled with 5 errors and 1 warning
Compiling...
Failed to compile.

Module not found: Error: Can't resolve './Navbar.css' in '/Users/fatihbayraktar/fashion AI/frontend/src/components'
WARNING in [eslint] 
src/components/HomePage.js
  Line 3:10:   'getAffiliateUrl' is defined but never used             no-unused-vars
  Line 13:26:  'setSelectedGender' is assigned a value but never used  no-unused-vars
  Line 29:10:  'selectedPhoto' is assigned a value but never used      no-unused-vars
  Line 31:10:  'budgetTier' is assigned a value but never used         no-unused-vars

src/components/ProductsPage.js
  Line 1:38:   'useCallback' is defined but never used                no-unused-vars
  Line 2:10:   'searchProducts' is defined but never used             no-unused-vars
  Line 5:8:    'Filters' is defined but never used                    no-unused-vars
  Line 6:8:    'ProductCard' is defined but never used                no-unused-vars
  Line 13:23:  'setCurrentPage' is assigned a value but never used    no-unused-vars
  Line 14:25:  'setTotalProducts' is assigned a value but never used  no-unused-vars

ERROR in ./src/components/Navbar.js 8:0-22
Module not found: Error: Can't resolve './Navbar.css' in '/Users/fatihbayraktar/fashion AI/frontend/src/components'

ERROR in ./src/components/ProductsPage.js 9:0-32
Module not found: Error: Can't resolve './Filters' in '/Users/fatihbayraktar/fashion AI/frontend/src/components'

ERROR in ./src/components/ProductsPage.js 10:0-40
Module not found: Error: Can't resolve './ProductCard' in '/Users/fatihbayraktar/fashion AI/frontend/src/components'

ERROR in ./src/components/ProductsPage.js 11:0-28
Module not found: Error: Can't resolve './ProductsPage.css' in '/Users/fatihbayraktar/fashion AI/frontend/src/components'

ERROR in [eslint] 
src/components/HomePage.js
  Line 427:5:   'setLoadingImages' is not defined  no-undef
  Line 620:14:  'categories' is not defined        no-undef

Search for the keywords to learn more about each error.

webpack compiled with 5 errors and 1 warning
Compiling...
Failed to compile.

Module not found: Error: Can't resolve './Navbar.css' in '/Users/fatihbayraktar/fashion AI/frontend/src/components'
WARNING in [eslint] 
src/components/HomePage.js
  Line 3:10:   'getAffiliateUrl' is defined but never used             no-unused-vars
  Line 13:26:  'setSelectedGender' is assigned a value but never used  no-unused-vars
  Line 29:10:  'selectedPhoto' is assigned a value but never used      no-unused-vars
  Line 31:10:  'budgetTier' is assigned a value but never used         no-unused-vars

src/components/ProductsPage.js
  Line 1:38:   'useCallback' is defined but never used                no-unused-vars
  Line 2:10:   'searchProducts' is defined but never used             no-unused-vars
  Line 5:8:    'Filters' is defined but never used                    no-unused-vars
  Line 6:8:    'ProductCard' is defined but never used                no-unused-vars
  Line 13:23:  'setCurrentPage' is assigned a value but never used    no-unused-vars
  Line 14:25:  'setTotalProducts' is assigned a value but never used  no-unused-vars

ERROR in ./src/components/Navbar.js 8:0-22
Module not found: Error: Can't resolve './Navbar.css' in '/Users/fatihbayraktar/fashion AI/frontend/src/components'

ERROR in ./src/components/ProductsPage.js 9:0-32
Module not found: Error: Can't resolve './Filters' in '/Users/fatihbayraktar/fashion AI/frontend/src/components'

ERROR in ./src/components/ProductsPage.js 10:0-40
Module not found: Error: Can't resolve './ProductCard' in '/Users/fatihbayraktar/fashion AI/frontend/src/components'

ERROR in ./src/components/ProductsPage.js 11:0-28
Module not found: Error: Can't resolve './ProductsPage.css' in '/Users/fatihbayraktar/fashion AI/frontend/src/components'

ERROR in [eslint] 
src/components/HomePage.js
  Line 427:5:   'setLoadingImages' is not defined  no-undef
  Line 620:14:  'categories' is not defined        no-undef

Search for the keywords to learn more about each error.

webpack compiled with 5 errors and 1 warning
Compiling...
Failed to compile.

Module not found: Error: Can't resolve './Navbar.css' in '/Users/fatihbayraktar/fashion AI/frontend/src/components'
WARNING in [eslint] 
src/components/HomePage.js
  Line 3:10:   'getAffiliateUrl' is defined but never used             no-unused-vars
  Line 13:26:  'setSelectedGender' is assigned a value but never used  no-unused-vars
  Line 29:10:  'selectedPhoto' is assigned a value but never used      no-unused-vars
  Line 31:10:  'budgetTier' is assigned a value but never used         no-unused-vars

src/components/ProductsPage.js
  Line 1:38:   'useCallback' is defined but never used                no-unused-vars
  Line 2:10:   'searchProducts' is defined but never used             no-unused-vars
  Line 5:8:    'Filters' is defined but never used                    no-unused-vars
  Line 6:8:    'ProductCard' is defined but never used                no-unused-vars
  Line 13:23:  'setCurrentPage' is assigned a value but never used    no-unused-vars
  Line 14:25:  'setTotalProducts' is assigned a value but never used  no-unused-vars

ERROR in ./src/components/Navbar.js 8:0-22
Module not found: Error: Can't resolve './Navbar.css' in '/Users/fatihbayraktar/fashion AI/frontend/src/components'

ERROR in ./src/components/ProductsPage.js 9:0-32
Module not found: Error: Can't resolve './Filters' in '/Users/fatihbayraktar/fashion AI/frontend/src/components'

ERROR in ./src/components/ProductsPage.js 10:0-40
Module not found: Error: Can't resolve './ProductCard' in '/Users/fatihbayraktar/fashion AI/frontend/src/components'

ERROR in ./src/components/ProductsPage.js 11:0-28
Module not found: Error: Can't resolve './ProductsPage.css' in '/Users/fatihbayraktar/fashion AI/frontend/src/components'

ERROR in [eslint] 
src/components/HomePage.js
  Line 427:5:   'setLoadingImages' is not defined  no-undef
  Line 620:14:  'categories' is not defined        no-undef

Search for the keywords to learn more about each error.

webpack compiled with 5 errors and 1 warning
Compiling...
Failed to compile.

Module not found: Error: Can't resolve './Navbar.css' in '/Users/fatihbayraktar/fashion AI/frontend/src/components'
WARNING in [eslint] 
src/components/HomePage.js
  Line 3:10:   'getAffiliateUrl' is defined but never used             no-unused-vars
  Line 13:26:  'setSelectedGender' is assigned a value but never used  no-unused-vars
  Line 29:10:  'selectedPhoto' is assigned a value but never used      no-unused-vars
  Line 31:10:  'budgetTier' is assigned a value but never used         no-unused-vars
  Line 33:10:  'loadingImages' is assigned a value but never used      no-unused-vars

src/components/ProductsPage.js
  Line 1:38:   'useCallback' is defined but never used                no-unused-vars
  Line 2:10:   'searchProducts' is defined but never used             no-unused-vars
  Line 5:8:    'Filters' is defined but never used                    no-unused-vars
  Line 6:8:    'ProductCard' is defined but never used                no-unused-vars
  Line 13:23:  'setCurrentPage' is assigned a value but never used    no-unused-vars
  Line 14:25:  'setTotalProducts' is assigned a value but never used  no-unused-vars

ERROR in ./src/components/Navbar.js 8:0-22
Module not found: Error: Can't resolve './Navbar.css' in '/Users/fatihbayraktar/fashion AI/frontend/src/components'

ERROR in ./src/components/ProductsPage.js 9:0-32
Module not found: Error: Can't resolve './Filters' in '/Users/fatihbayraktar/fashion AI/frontend/src/components'

ERROR in ./src/components/ProductsPage.js 10:0-40
Module not found: Error: Can't resolve './ProductCard' in '/Users/fatihbayraktar/fashion AI/frontend/src/components'

ERROR in ./src/components/ProductsPage.js 11:0-28
Module not found: Error: Can't resolve './ProductsPage.css' in '/Users/fatihbayraktar/fashion AI/frontend/src/components'

ERROR in [eslint] 
src/components/HomePage.js
  Line 622:14:  'categories' is not defined  no-undef

Search for the keywords to learn more about each error.

webpack compiled with 5 errors and 1 warning
Compiling...
Failed to compile.

Module not found: Error: Can't resolve './Navbar.css' in '/Users/fatihbayraktar/fashion AI/frontend/src/components'
WARNING in [eslint] 
src/components/HomePage.js
  Line 3:10:   'getAffiliateUrl' is defined but never used             no-unused-vars
  Line 13:26:  'setSelectedGender' is assigned a value but never used  no-unused-vars
  Line 29:10:  'selectedPhoto' is assigned a value but never used      no-unused-vars
  Line 31:10:  'budgetTier' is assigned a value but never used         no-unused-vars
  Line 33:10:  'loadingImages' is assigned a value but never used      no-unused-vars

src/components/ProductsPage.js
  Line 1:38:   'useCallback' is defined but never used                no-unused-vars
  Line 2:10:   'searchProducts' is defined but never used             no-unused-vars
  Line 5:8:    'Filters' is defined but never used                    no-unused-vars
  Line 6:8:    'ProductCard' is defined but never used                no-unused-vars
  Line 13:23:  'setCurrentPage' is assigned a value but never used    no-unused-vars
  Line 14:25:  'setTotalProducts' is assigned a value but never used  no-unused-vars

ERROR in ./src/components/Navbar.js 8:0-22
Module not found: Error: Can't resolve './Navbar.css' in '/Users/fatihbayraktar/fashion AI/frontend/src/components'

ERROR in ./src/components/ProductsPage.js 9:0-32
Module not found: Error: Can't resolve './Filters' in '/Users/fatihbayraktar/fashion AI/frontend/src/components'

ERROR in ./src/components/ProductsPage.js 10:0-40
Module not found: Error: Can't resolve './ProductCard' in '/Users/fatihbayraktar/fashion AI/frontend/src/components'

ERROR in ./src/components/ProductsPage.js 11:0-28
Module not found: Error: Can't resolve './ProductsPage.css' in '/Users/fatihbayraktar/fashion AI/frontend/src/components'

webpack compiled with 4 errors and 1 warning
Compiling...
Failed to compile.

Module not found: Error: Can't resolve './Navbar.css' in '/Users/fatihbayraktar/fashion AI/frontend/src/components'
WARNING in [eslint] 
src/components/HomePage.js
  Line 3:10:   'getAffiliateUrl' is defined but never used             no-unused-vars
  Line 13:26:  'setSelectedGender' is assigned a value but never used  no-unused-vars
  Line 29:10:  'selectedPhoto' is assigned a value but never used      no-unused-vars
  Line 31:10:  'budgetTier' is assigned a value but never used         no-unused-vars
  Line 33:10:  'loadingImages' is assigned a value but never used      no-unused-vars

src/components/ProductsPage.js
  Line 1:38:   'useCallback' is defined but never used                no-unused-vars
  Line 2:10:   'searchProducts' is defined but never used             no-unused-vars
  Line 5:8:    'Filters' is defined but never used                    no-unused-vars
  Line 6:8:    'ProductCard' is defined but never used                no-unused-vars
  Line 13:23:  'setCurrentPage' is assigned a value but never used    no-unused-vars
  Line 14:25:  'setTotalProducts' is assigned a value but never used  no-unused-vars

ERROR in ./src/components/Navbar.js 8:0-22
Module not found: Error: Can't resolve './Navbar.css' in '/Users/fatihbayraktar/fashion AI/frontend/src/components'

ERROR in ./src/components/ProductsPage.js 9:0-32
Module not found: Error: Can't resolve './Filters' in '/Users/fatihbayraktar/fashion AI/frontend/src/components'

ERROR in ./src/components/ProductsPage.js 10:0-40
Module not found: Error: Can't resolve './ProductCard' in '/Users/fatihbayraktar/fashion AI/frontend/src/components'

ERROR in ./src/components/ProductsPage.js 11:0-28
Module not found: Error: Can't resolve './ProductsPage.css' in '/Users/fatihbayraktar/fashion AI/frontend/src/components'

webpack compiled with 4 errors and 1 warning
Compiling...
Failed to compile.

Module not found: Error: Can't resolve './Navbar.css' in '/Users/fatihbayraktar/fashion AI/frontend/src/components'
WARNING in [eslint] 
src/components/ProductsPage.js
  Line 1:38:   'useCallback' is defined but never used                no-unused-vars
  Line 2:10:   'searchProducts' is defined but never used             no-unused-vars
  Line 5:8:    'Filters' is defined but never used                    no-unused-vars
  Line 6:8:    'ProductCard' is defined but never used                no-unused-vars
  Line 13:23:  'setCurrentPage' is assigned a value but never used    no-unused-vars
  Line 14:25:  'setTotalProducts' is assigned a value but never used  no-unused-vars

ERROR in ./src/components/Navbar.js 8:0-22
Module not found: Error: Can't resolve './Navbar.css' in '/Users/fatihbayraktar/fashion AI/frontend/src/components'

ERROR in ./src/components/ProductsPage.js 9:0-32
Module not found: Error: Can't resolve './Filters' in '/Users/fatihbayraktar/fashion AI/frontend/src/components'

ERROR in ./src/components/ProductsPage.js 10:0-40
Module not found: Error: Can't resolve './ProductCard' in '/Users/fatihbayraktar/fashion AI/frontend/src/components'

ERROR in ./src/components/ProductsPage.js 11:0-28
Module not found: Error: Can't resolve './ProductsPage.css' in '/Users/fatihbayraktar/fashion AI/frontend/src/components'

webpack compiled with 4 errors and 1 warning
Compiling...
Failed to compile.

Module not found: Error: Can't resolve './Navbar.css' in '/Users/fatihbayraktar/fashion AI/frontend/src/components'
ERROR in ./src/components/Navbar.js 8:0-22
Module not found: Error: Can't resolve './Navbar.css' in '/Users/fatihbayraktar/fashion AI/frontend/src/components'

ERROR in ./src/components/ProductsPage.js 11:0-32
Module not found: Error: Can't resolve './Filters' in '/Users/fatihbayraktar/fashion AI/frontend/src/components'

ERROR in ./src/components/ProductsPage.js 13:0-40
Module not found: Error: Can't resolve './ProductCard' in '/Users/fatihbayraktar/fashion AI/frontend/src/components'

ERROR in ./src/components/ProductsPage.js 14:0-28
Module not found: Error: Can't resolve './ProductsPage.css' in '/Users/fatihbayraktar/fashion AI/frontend/src/components'

webpack compiled with 4 errors
Compiling...
Failed to compile.

Module not found: Error: Can't resolve './Navbar.css' in '/Users/fatihbayraktar/fashion AI/frontend/src/components'
ERROR in ./src/components/Navbar.js 8:0-22
Module not found: Error: Can't resolve './Navbar.css' in '/Users/fatihbayraktar/fashion AI/frontend/src/components'

ERROR in ./src/components/ProductsPage.js 11:0-32
Module not found: Error: Can't resolve './Filters' in '/Users/fatihbayraktar/fashion AI/frontend/src/components'

ERROR in ./src/components/ProductsPage.js 13:0-40
Module not found: Error: Can't resolve './ProductCard' in '/Users/fatihbayraktar/fashion AI/frontend/src/components'

ERROR in ./src/components/ProductsPage.js 14:0-28
Module not found: Error: Can't resolve './ProductsPage.css' in '/Users/fatihbayraktar/fashion AI/frontend/src/components'

webpack compiled with 4 errors
